2025-12-17 18:00:09,584 - data_ingestion - ERROR - File not found: params.yaml
2025-12-17 18:00:09,584 - data_ingestion - ERROR - Failed to complete the data ingestion process: [Errno 2] No such file or directory: 'params.yaml'
2025-12-17 18:04:42,980 - data_ingestion - DEBUG - Data loaded from https://raw.githubusercontent.com/vikashishere/Datasets/main/spam.csv
2025-12-17 18:04:42,980 - data_ingestion - DEBUG - Data preprocessing completed
2025-12-17 18:04:43,003 - data_ingestion - DEBUG - Train and test data saved to ./data\raw
2025-12-17 21:56:32,151 - data_ingestion - DEBUG - Data loaded from https://raw.githubusercontent.com/vikashishere/Datasets/main/spam.csv
2025-12-17 21:56:32,154 - data_ingestion - DEBUG - Data preprocessing completed
2025-12-17 21:56:32,182 - data_ingestion - DEBUG - Train and test data saved to ./data\raw
2025-12-17 21:58:03,437 - data_ingestion - DEBUG - Data loaded from https://raw.githubusercontent.com/vikashishere/Datasets/main/spam.csv
2025-12-17 21:58:03,452 - data_ingestion - DEBUG - Data preprocessing completed
2025-12-17 21:58:03,479 - data_ingestion - DEBUG - Train and test data saved to ./data\raw
2025-12-17 22:51:13,264 - data_ingestion - DEBUG - Parameters retrieved from params.yaml
2025-12-17 22:51:14,128 - data_ingestion - DEBUG - Data loaded from https://raw.githubusercontent.com/vikashishere/Datasets/main/spam.csv
2025-12-17 22:51:14,128 - data_ingestion - DEBUG - Data preprocessing completed
2025-12-17 22:51:14,150 - data_ingestion - DEBUG - Train and test data saved to ./data\raw
2025-12-17 22:55:05,434 - data_ingestion - DEBUG - Parameters retrieved from params.yaml
2025-12-17 22:55:05,925 - data_ingestion - DEBUG - Data loaded from https://raw.githubusercontent.com/vikashishere/Datasets/main/spam.csv
2025-12-17 22:55:05,925 - data_ingestion - DEBUG - Data preprocessing completed
2025-12-17 22:55:05,945 - data_ingestion - DEBUG - Train and test data saved to ./data\raw
2025-12-18 00:17:09,729 - data_ingestion - DEBUG - Parameters retrieved from params.yaml
2025-12-18 00:17:10,416 - data_ingestion - DEBUG - Data loaded from https://raw.githubusercontent.com/vikashishere/Datasets/main/spam.csv
2025-12-18 00:17:10,417 - data_ingestion - DEBUG - Data preprocessing completed
2025-12-18 00:17:10,417 - data_ingestion - DEBUG - Train and test data saved to ./data\raw
