2025-12-17 18:34:28,360 - data_preprocessing - DEBUG - Data loaded properly
2025-12-17 18:34:28,360 - data_preprocessing - DEBUG - Starting preprocessing for DataFrame
2025-12-17 18:34:28,360 - data_preprocessing - DEBUG - Target column encoded
2025-12-17 18:34:28,365 - data_preprocessing - DEBUG - Duplicates removed
2025-12-17 18:34:28,367 - data_preprocessing - ERROR - Error during text normalization: 
**********************************************************************
  Resource [93mpunkt_tab[0m not found.
  Please use the NLTK Downloader to obtain the resource:

  [31m>>> import nltk
  >>> nltk.download('punkt_tab')
  [0m
  For more information see: https://www.nltk.org/data.html

  Attempted to load [93mtokenizers/punkt_tab/english/[0m

  Searched in:
    - 'C:\\Users\\selva.ram/nltk_data'
    - 'C:\\Program Files\\Python311\\nltk_data'
    - 'C:\\Program Files\\Python311\\share\\nltk_data'
    - 'C:\\Program Files\\Python311\\lib\\nltk_data'
    - 'C:\\Users\\selva.ram\\AppData\\Roaming\\nltk_data'
    - 'C:\\nltk_data'
    - 'D:\\nltk_data'
    - 'E:\\nltk_data'
**********************************************************************

2025-12-17 18:34:28,367 - data_preprocessing - ERROR - Failed to complete the data transformation process: 
**********************************************************************
  Resource [93mpunkt_tab[0m not found.
  Please use the NLTK Downloader to obtain the resource:

  [31m>>> import nltk
  >>> nltk.download('punkt_tab')
  [0m
  For more information see: https://www.nltk.org/data.html

  Attempted to load [93mtokenizers/punkt_tab/english/[0m

  Searched in:
    - 'C:\\Users\\selva.ram/nltk_data'
    - 'C:\\Program Files\\Python311\\nltk_data'
    - 'C:\\Program Files\\Python311\\share\\nltk_data'
    - 'C:\\Program Files\\Python311\\lib\\nltk_data'
    - 'C:\\Users\\selva.ram\\AppData\\Roaming\\nltk_data'
    - 'C:\\nltk_data'
    - 'D:\\nltk_data'
    - 'E:\\nltk_data'
**********************************************************************

2025-12-17 18:36:35,659 - data_preprocessing - DEBUG - Data loaded properly
2025-12-17 18:36:35,659 - data_preprocessing - DEBUG - Starting preprocessing for DataFrame
2025-12-17 18:36:35,659 - data_preprocessing - DEBUG - Target column encoded
2025-12-17 18:36:35,659 - data_preprocessing - DEBUG - Duplicates removed
2025-12-17 18:36:42,478 - data_preprocessing - DEBUG - Text column transformed
2025-12-17 18:36:42,479 - data_preprocessing - DEBUG - Starting preprocessing for DataFrame
2025-12-17 18:36:42,479 - data_preprocessing - DEBUG - Target column encoded
2025-12-17 18:36:42,480 - data_preprocessing - DEBUG - Duplicates removed
2025-12-17 18:36:44,360 - data_preprocessing - DEBUG - Text column transformed
2025-12-17 18:36:44,371 - data_preprocessing - DEBUG - Processed data saved to ./data\interim
2025-12-17 18:38:19,168 - data_preprocessing - DEBUG - Data loaded properly
2025-12-17 18:38:19,168 - data_preprocessing - DEBUG - Starting preprocessing for DataFrame
2025-12-17 18:38:19,172 - data_preprocessing - DEBUG - Target column encoded
2025-12-17 18:38:19,173 - data_preprocessing - DEBUG - Duplicates removed
2025-12-17 18:38:28,029 - data_preprocessing - DEBUG - Text column transformed
2025-12-17 18:38:28,029 - data_preprocessing - DEBUG - Starting preprocessing for DataFrame
2025-12-17 18:38:28,029 - data_preprocessing - DEBUG - Target column encoded
2025-12-17 18:38:28,029 - data_preprocessing - DEBUG - Duplicates removed
2025-12-17 18:38:30,209 - data_preprocessing - DEBUG - Text column transformed
2025-12-17 18:38:30,216 - data_preprocessing - DEBUG - Processed data saved to ./data\interim
2025-12-17 21:58:06,155 - data_preprocessing - DEBUG - Data loaded properly
2025-12-17 21:58:06,155 - data_preprocessing - DEBUG - Starting preprocessing for DataFrame
2025-12-17 21:58:06,158 - data_preprocessing - DEBUG - Target column encoded
2025-12-17 21:58:06,158 - data_preprocessing - DEBUG - Duplicates removed
2025-12-17 21:58:16,933 - data_preprocessing - DEBUG - Text column transformed
2025-12-17 21:58:16,933 - data_preprocessing - DEBUG - Starting preprocessing for DataFrame
2025-12-17 21:58:16,933 - data_preprocessing - DEBUG - Target column encoded
2025-12-17 21:58:16,938 - data_preprocessing - DEBUG - Duplicates removed
2025-12-17 21:58:19,473 - data_preprocessing - DEBUG - Text column transformed
2025-12-17 21:58:19,486 - data_preprocessing - DEBUG - Processed data saved to ./data\interim
2025-12-17 21:59:09,409 - data_preprocessing - DEBUG - Data loaded properly
2025-12-17 21:59:09,409 - data_preprocessing - DEBUG - Starting preprocessing for DataFrame
2025-12-17 21:59:09,409 - data_preprocessing - DEBUG - Target column encoded
2025-12-17 21:59:09,412 - data_preprocessing - DEBUG - Duplicates removed
2025-12-17 21:59:19,303 - data_preprocessing - DEBUG - Text column transformed
2025-12-17 21:59:19,303 - data_preprocessing - DEBUG - Starting preprocessing for DataFrame
2025-12-17 21:59:19,303 - data_preprocessing - DEBUG - Target column encoded
2025-12-17 21:59:19,314 - data_preprocessing - DEBUG - Duplicates removed
2025-12-17 21:59:22,115 - data_preprocessing - DEBUG - Text column transformed
2025-12-17 21:59:22,126 - data_preprocessing - DEBUG - Processed data saved to ./data\interim
2025-12-17 22:55:08,933 - data_preprocessing - DEBUG - Data loaded properly
2025-12-17 22:55:08,934 - data_preprocessing - DEBUG - Starting preprocessing for DataFrame
2025-12-17 22:55:08,936 - data_preprocessing - DEBUG - Target column encoded
2025-12-17 22:55:08,940 - data_preprocessing - DEBUG - Duplicates removed
2025-12-17 22:55:19,282 - data_preprocessing - DEBUG - Text column transformed
2025-12-17 22:55:19,282 - data_preprocessing - DEBUG - Starting preprocessing for DataFrame
2025-12-17 22:55:19,283 - data_preprocessing - DEBUG - Target column encoded
2025-12-17 22:55:19,284 - data_preprocessing - DEBUG - Duplicates removed
2025-12-17 22:55:22,499 - data_preprocessing - DEBUG - Text column transformed
2025-12-17 22:55:22,511 - data_preprocessing - DEBUG - Processed data saved to ./data\interim
